<?xml version="1.0" encoding="UTF-8"?>
<testsuite xmlns:xsi="http://www.w3.org/2001/XMLSchema-instance" xsi:noNamespaceSchemaLocation="https://maven.apache.org/surefire/maven-surefire-plugin/xsd/surefire-test-report-3.0.xsd" version="3.0" name="UserServiceTest" time="6.431" tests="6" errors="0" skipped="0" failures="0">
  <properties>
    <property name="java.specification.version" value="23"/>
    <property name="sun.cpu.isalist" value="amd64"/>
    <property name="sun.jnu.encoding" value="UTF-8"/>
    <property name="java.class.path" value="C:\Users\Ярослав\IdeaProjects\CoreTaskTemplate-master-1-1-4\target\test-classes;C:\Users\Ярослав\IdeaProjects\CoreTaskTemplate-master-1-1-4\target\classes;C:\Users\Ярослав\.m2\repository\junit\junit\4.12\junit-4.12.jar;C:\Users\Ярослав\.m2\repository\org\hamcrest\hamcrest-core\1.3\hamcrest-core-1.3.jar;C:\Users\Ярослав\.m2\repository\mysql\mysql-connector-java\8.0.23\mysql-connector-java-8.0.23.jar;C:\Users\Ярослав\.m2\repository\com\google\protobuf\protobuf-java\3.11.4\protobuf-java-3.11.4.jar;C:\Users\Ярослав\.m2\repository\org\hibernate\javax\persistence\hibernate-jpa-2.1-api\1.0.2.Final\hibernate-jpa-2.1-api-1.0.2.Final.jar;C:\Users\Ярослав\.m2\repository\org\hibernate\hibernate-core\5.6.15.Final\hibernate-core-5.6.15.Final.jar;C:\Users\Ярослав\.m2\repository\org\jboss\logging\jboss-logging\3.4.3.Final\jboss-logging-3.4.3.Final.jar;C:\Users\Ярослав\.m2\repository\javax\persistence\javax.persistence-api\2.2\javax.persistence-api-2.2.jar;C:\Users\Ярослав\.m2\repository\net\bytebuddy\byte-buddy\1.12.18\byte-buddy-1.12.18.jar;C:\Users\Ярослав\.m2\repository\antlr\antlr\2.7.7\antlr-2.7.7.jar;C:\Users\Ярослав\.m2\repository\org\jboss\spec\javax\transaction\jboss-transaction-api_1.2_spec\1.1.1.Final\jboss-transaction-api_1.2_spec-1.1.1.Final.jar;C:\Users\Ярослав\.m2\repository\org\jboss\jandex\2.4.2.Final\jandex-2.4.2.Final.jar;C:\Users\Ярослав\.m2\repository\com\fasterxml\classmate\1.5.1\classmate-1.5.1.jar;C:\Users\Ярослав\.m2\repository\javax\activation\javax.activation-api\1.2.0\javax.activation-api-1.2.0.jar;C:\Users\Ярослав\.m2\repository\org\hibernate\common\hibernate-commons-annotations\5.1.2.Final\hibernate-commons-annotations-5.1.2.Final.jar;C:\Users\Ярослав\.m2\repository\javax\xml\bind\jaxb-api\2.3.1\jaxb-api-2.3.1.jar;C:\Users\Ярослав\.m2\repository\org\glassfish\jaxb\jaxb-runtime\2.3.1\jaxb-runtime-2.3.1.jar;C:\Users\Ярослав\.m2\repository\org\glassfish\jaxb\txw2\2.3.1\txw2-2.3.1.jar;C:\Users\Ярослав\.m2\repository\com\sun\istack\istack-commons-runtime\3.0.7\istack-commons-runtime-3.0.7.jar;C:\Users\Ярослав\.m2\repository\org\jvnet\staxex\stax-ex\1.8\stax-ex-1.8.jar;C:\Users\Ярослав\.m2\repository\com\sun\xml\fastinfoset\FastInfoset\1.2.15\FastInfoset-1.2.15.jar;"/>
    <property name="java.vm.vendor" value="Oracle Corporation"/>
    <property name="sun.arch.data.model" value="64"/>
    <property name="user.variant" value=""/>
    <property name="java.vendor.url" value="https://java.oracle.com/"/>
    <property name="user.timezone" value="Asia/Yekaterinburg"/>
    <property name="os.name" value="Windows 10"/>
    <property name="java.vm.specification.version" value="23"/>
    <property name="sun.java.launcher" value="SUN_STANDARD"/>
    <property name="user.country" value="RU"/>
    <property name="sun.boot.library.path" value="C:\Users\Ярослав\.jdks\openjdk-23.0.1\bin"/>
    <property name="sun.java.command" value="C:\Users\Ярослав\AppData\Local\Temp\surefire9867237874129135045\surefirebooter-20250822180844322_3.jar C:\Users\Ярослав\AppData\Local\Temp\surefire9867237874129135045 2025-08-22T18-08-43_280-jvmRun1 surefire-20250822180844322_1tmp surefire_0-20250822180844322_2tmp"/>
    <property name="jdk.debug" value="release"/>
    <property name="surefire.test.class.path" value="C:\Users\Ярослав\IdeaProjects\CoreTaskTemplate-master-1-1-4\target\test-classes;C:\Users\Ярослав\IdeaProjects\CoreTaskTemplate-master-1-1-4\target\classes;C:\Users\Ярослав\.m2\repository\junit\junit\4.12\junit-4.12.jar;C:\Users\Ярослав\.m2\repository\org\hamcrest\hamcrest-core\1.3\hamcrest-core-1.3.jar;C:\Users\Ярослав\.m2\repository\mysql\mysql-connector-java\8.0.23\mysql-connector-java-8.0.23.jar;C:\Users\Ярослав\.m2\repository\com\google\protobuf\protobuf-java\3.11.4\protobuf-java-3.11.4.jar;C:\Users\Ярослав\.m2\repository\org\hibernate\javax\persistence\hibernate-jpa-2.1-api\1.0.2.Final\hibernate-jpa-2.1-api-1.0.2.Final.jar;C:\Users\Ярослав\.m2\repository\org\hibernate\hibernate-core\5.6.15.Final\hibernate-core-5.6.15.Final.jar;C:\Users\Ярослав\.m2\repository\org\jboss\logging\jboss-logging\3.4.3.Final\jboss-logging-3.4.3.Final.jar;C:\Users\Ярослав\.m2\repository\javax\persistence\javax.persistence-api\2.2\javax.persistence-api-2.2.jar;C:\Users\Ярослав\.m2\repository\net\bytebuddy\byte-buddy\1.12.18\byte-buddy-1.12.18.jar;C:\Users\Ярослав\.m2\repository\antlr\antlr\2.7.7\antlr-2.7.7.jar;C:\Users\Ярослав\.m2\repository\org\jboss\spec\javax\transaction\jboss-transaction-api_1.2_spec\1.1.1.Final\jboss-transaction-api_1.2_spec-1.1.1.Final.jar;C:\Users\Ярослав\.m2\repository\org\jboss\jandex\2.4.2.Final\jandex-2.4.2.Final.jar;C:\Users\Ярослав\.m2\repository\com\fasterxml\classmate\1.5.1\classmate-1.5.1.jar;C:\Users\Ярослав\.m2\repository\javax\activation\javax.activation-api\1.2.0\javax.activation-api-1.2.0.jar;C:\Users\Ярослав\.m2\repository\org\hibernate\common\hibernate-commons-annotations\5.1.2.Final\hibernate-commons-annotations-5.1.2.Final.jar;C:\Users\Ярослав\.m2\repository\javax\xml\bind\jaxb-api\2.3.1\jaxb-api-2.3.1.jar;C:\Users\Ярослав\.m2\repository\org\glassfish\jaxb\jaxb-runtime\2.3.1\jaxb-runtime-2.3.1.jar;C:\Users\Ярослав\.m2\repository\org\glassfish\jaxb\txw2\2.3.1\txw2-2.3.1.jar;C:\Users\Ярослав\.m2\repository\com\sun\istack\istack-commons-runtime\3.0.7\istack-commons-runtime-3.0.7.jar;C:\Users\Ярослав\.m2\repository\org\jvnet\staxex\stax-ex\1.8\stax-ex-1.8.jar;C:\Users\Ярослав\.m2\repository\com\sun\xml\fastinfoset\FastInfoset\1.2.15\FastInfoset-1.2.15.jar;"/>
    <property name="sun.cpu.endian" value="little"/>
    <property name="user.home" value="C:\Users\Ярослав"/>
    <property name="user.language" value="ru"/>
    <property name="java.specification.vendor" value="Oracle Corporation"/>
    <property name="java.version.date" value="2024-10-15"/>
    <property name="java.home" value="C:\Users\Ярослав\.jdks\openjdk-23.0.1"/>
    <property name="file.separator" value="\"/>
    <property name="basedir" value="C:\Users\Ярослав\IdeaProjects\CoreTaskTemplate-master-1-1-4"/>
    <property name="java.vm.compressedOopsMode" value="32-bit"/>
    <property name="line.separator" value="&#10;"/>
    <property name="java.vm.specification.vendor" value="Oracle Corporation"/>
    <property name="java.specification.name" value="Java Platform API Specification"/>
    <property name="surefire.real.class.path" value="C:\Users\Ярослав\AppData\Local\Temp\surefire9867237874129135045\surefirebooter-20250822180844322_3.jar"/>
    <property name="user.script" value=""/>
    <property name="sun.management.compiler" value="HotSpot 64-Bit Tiered Compilers"/>
    <property name="java.runtime.version" value="23.0.1+11-39"/>
    <property name="user.name" value="Ярослав"/>
    <property name="stdout.encoding" value="UTF-8"/>
    <property name="path.separator" value=";"/>
    <property name="os.version" value="10.0"/>
    <property name="java.runtime.name" value="OpenJDK Runtime Environment"/>
    <property name="file.encoding" value="UTF-8"/>
    <property name="java.vm.name" value="OpenJDK 64-Bit Server VM"/>
    <property name="localRepository" value="C:\Users\Ярослав\.m2\repository"/>
    <property name="java.vendor.url.bug" value="https://bugreport.java.com/bugreport/"/>
    <property name="java.io.tmpdir" value="C:\Users\3CDE~1\AppData\Local\Temp\"/>
    <property name="idea.version" value="2024.2.1"/>
    <property name="java.version" value="23.0.1"/>
    <property name="user.dir" value="C:\Users\Ярослав\IdeaProjects\CoreTaskTemplate-master-1-1-4"/>
    <property name="os.arch" value="amd64"/>
    <property name="java.vm.specification.name" value="Java Virtual Machine Specification"/>
    <property name="sun.os.patch.level" value=""/>
    <property name="native.encoding" value="UTF-8"/>
    <property name="java.library.path" value="C:\Users\Ярослав\.jdks\openjdk-23.0.1\bin;C:\Windows\Sun\Java\bin;C:\Windows\system32;C:\Windows;C:\ProgramData\Oracle\Java\javapath;C:\Windows\system32;C:\Windows;C:\Windows\System32\Wbem;C:\Windows\System32\WindowsPowerShell\v1.0\;C:\Windows\System32\OpenSSH\;C:\Program Files (x86)\NVIDIA Corporation\PhysX\Common;C:\Program Files\Go\bin;C:\Program Files\Microsoft SQL Server\130\Tools\Binn\;C:\Program Files\Git\cmd;C:\Program Files\Microsoft SQL Server\150\Tools\Binn\;C:\Program Files\Microsoft SQL Server\Client SDK\ODBC\170\Tools\Binn\;C:\Program Files\MySQL\MySQL Shell 8.0\bin\;C:\Users\Ярослав\AppData\Local\Microsoft\WindowsApps;;C:\Users\Ярослав\AppData\Local\Programs\Microsoft VS Code\bin;C:\Users\Ярослав\go\bin;C:\Program Files\JetBrains\GoLand 232.6095.10\bin;;."/>
    <property name="java.vm.info" value="mixed mode, sharing"/>
    <property name="stderr.encoding" value="UTF-8"/>
    <property name="java.vendor" value="Oracle Corporation"/>
    <property name="java.vm.version" value="23.0.1+11-39"/>
    <property name="sun.io.unicode.encoding" value="UnicodeLittle"/>
    <property name="java.class.version" value="67.0"/>
  </properties>
  <testcase name="saveUser" classname="UserServiceTest" time="0.645">
    <system-out><![CDATA[Hibernate: DROP TABLE IF EXISTS users
Hibernate: 
CREATE TABLE IF NOT EXISTS users (
    id BIGINT PRIMARY KEY AUTO_INCREMENT,
    name VARCHAR(50),
    lastName VARCHAR(50),
    age TINYINT
)

Hibernate: insert into users (age, lastname, name) values (?, ?, ?)
Hibernate: select user0_.id as id1_0_, user0_.age as age2_0_, user0_.lastname as lastname3_0_, user0_.name as name4_0_ from users user0_
User{id= 1, name= 'Ivan', lastName= 'Ivanov', age= 5}
]]></system-out>
    <system-err><![CDATA[авг. 22, 2025 6:08:45 PM org.hibernate.Version logVersion
INFO: HHH000412: Hibernate ORM core version 5.6.15.Final
авг. 22, 2025 6:08:45 PM org.hibernate.cfg.Environment <clinit>
INFO: HHH000205: Loaded properties from resource hibernate.properties: {hibernate.connection.url=jdbc:mysql://localhost:3306/data, hibernate.bytecode.use_reflection_optimizer=false, hibernate.dialect=org.hibernate.dialect.MySQL8Dialect, hibernate.driver_class=com.mysql.jdbc.Driver, hibernate.show_sql=true, hibernate.connection.password=****, hibernate.current_session_context_class=thread, hibernate.connection.username=root}
авг. 22, 2025 6:08:47 PM org.hibernate.annotations.common.reflection.java.JavaReflectionManager <clinit>
INFO: HCANN000001: Hibernate Commons Annotations {5.1.2.Final}
авг. 22, 2025 6:08:47 PM org.hibernate.engine.jdbc.connections.internal.DriverManagerConnectionProviderImpl configure
WARN: HHH10001002: Using Hibernate built-in connection pool (not for production use!)
авг. 22, 2025 6:08:47 PM org.hibernate.engine.jdbc.connections.internal.DriverManagerConnectionProviderImpl buildCreator
INFO: HHH10001005: using driver [com.mysql.cj.jdbc.Driver] at URL [jdbc:mysql://localhost:3306/data]
авг. 22, 2025 6:08:47 PM org.hibernate.engine.jdbc.connections.internal.DriverManagerConnectionProviderImpl buildCreator
INFO: HHH10001001: Connection properties: {user=root, password=****}
авг. 22, 2025 6:08:47 PM org.hibernate.engine.jdbc.connections.internal.DriverManagerConnectionProviderImpl buildCreator
INFO: HHH10001003: Autocommit mode: false
авг. 22, 2025 6:08:47 PM org.hibernate.engine.jdbc.connections.internal.DriverManagerConnectionProviderImpl$PooledConnections <init>
INFO: HHH000115: Hibernate connection pool size: 20 (min=1)
авг. 22, 2025 6:08:48 PM org.hibernate.dialect.Dialect <init>
INFO: HHH000400: Using dialect: org.hibernate.dialect.MySQL8Dialect
авг. 22, 2025 6:08:50 PM org.hibernate.resource.transaction.backend.jdbc.internal.DdlTransactionIsolatorNonJtaImpl getIsolatedConnection
INFO: HHH10001501: Connection obtained from JdbcConnectionAccess [org.hibernate.engine.jdbc.env.internal.JdbcEnvironmentInitiator$ConnectionProviderJdbcConnectionAccess@3ba0ae41] for (non-JTA) DDL execution was not in auto-commit mode; the Connection 'local transaction' will be committed and the Connection will be set into auto-commit mode.
]]></system-err>
  </testcase>
  <testcase name="removeUserById" classname="UserServiceTest" time="0.112">
    <system-out><![CDATA[Hibernate: DROP TABLE IF EXISTS users
Hibernate: 
CREATE TABLE IF NOT EXISTS users (
    id BIGINT PRIMARY KEY AUTO_INCREMENT,
    name VARCHAR(50),
    lastName VARCHAR(50),
    age TINYINT
)

Hibernate: insert into users (age, lastname, name) values (?, ?, ?)
Hibernate: delete from users where id=?
]]></system-out>
  </testcase>
  <testcase name="getAllUsers" classname="UserServiceTest" time="0.182">
    <system-out><![CDATA[Hibernate: DROP TABLE IF EXISTS users
Hibernate: 
CREATE TABLE IF NOT EXISTS users (
    id BIGINT PRIMARY KEY AUTO_INCREMENT,
    name VARCHAR(50),
    lastName VARCHAR(50),
    age TINYINT
)

Hibernate: insert into users (age, lastname, name) values (?, ?, ?)
Hibernate: select user0_.id as id1_0_, user0_.age as age2_0_, user0_.lastname as lastname3_0_, user0_.name as name4_0_ from users user0_
User{id= 1, name= 'Ivan', lastName= 'Ivanov', age= 5}
]]></system-out>
  </testcase>
  <testcase name="dropUsersTable" classname="UserServiceTest" time="0.035">
    <system-out><![CDATA[Hibernate: 
CREATE TABLE IF NOT EXISTS users (
    id BIGINT PRIMARY KEY AUTO_INCREMENT,
    name VARCHAR(50),
    lastName VARCHAR(50),
    age TINYINT
)

Hibernate: DROP TABLE IF EXISTS users
]]></system-out>
  </testcase>
  <testcase name="createUsersTable" classname="UserServiceTest" time="0.038">
    <system-out><![CDATA[Hibernate: DROP TABLE IF EXISTS users
Hibernate: 
CREATE TABLE IF NOT EXISTS users (
    id BIGINT PRIMARY KEY AUTO_INCREMENT,
    name VARCHAR(50),
    lastName VARCHAR(50),
    age TINYINT
)

]]></system-out>
  </testcase>
  <testcase name="cleanUsersTable" classname="UserServiceTest" time="0.171">
    <system-out><![CDATA[Hibernate: DROP TABLE IF EXISTS users
Hibernate: 
CREATE TABLE IF NOT EXISTS users (
    id BIGINT PRIMARY KEY AUTO_INCREMENT,
    name VARCHAR(50),
    lastName VARCHAR(50),
    age TINYINT
)

Hibernate: insert into users (age, lastname, name) values (?, ?, ?)
Hibernate: DELETE FROM users
Hibernate: select user0_.id as id1_0_, user0_.age as age2_0_, user0_.lastname as lastname3_0_, user0_.name as name4_0_ from users user0_
]]></system-out>
  </testcase>
</testsuite>